Build started 28/04/2013 03:32:48.
     1>Project "D:\~ DONNEES ~\Thomas SCHOBBER\Mes documents\Visual Studio 2010\Projects\simpleProject\simpleProject\simpleProject.vcxproj" on node 2 (build target(s)).
     1>InitializeBuildStatus:
         Creating "Debug\simpleProject.unsuccessfulbuild" because "AlwaysCreate" was specified.
       ClCompile:
         All outputs are up-to-date.
         C:\Program Files (x86)\Microsoft Visual Studio 10.0\VC\bin\CL.exe /c /I"C:\Program Files (x86)\Microsoft SDKs\Windows\v7.0A\Include\glew" /I"C:\Program Files (x86)\Microsoft SDKs\Windows\v7.0A\Include\glm\glm" /I"C:\Program Files (x86)\Microsoft SDKs\Windows\v7.0A\Include\gl" /ZI /nologo /W3 /WX- /Od /Oy- /D WIN32 /D _WINDOWS /D GLEW_STATIC /D _UNICODE /D UNICODE /Gm /EHsc /RTC1 /MDd /GS /fp:precise /Zc:wchar_t /Zc:forScope /Yu"StdAfx.h" /Fp"Debug\simpleProject.pch" /Fo"Debug\\" /Fd"Debug\vc100.pdb" /Gd /TP /analyze- /errorReport:prompt simpleProject.cpp
         simpleProject.cpp
       ManifestResourceCompile:
         All outputs are up-to-date.
       Link:
         C:\Program Files (x86)\Microsoft Visual Studio 10.0\VC\bin\link.exe /ERRORREPORT:PROMPT /OUT:"D:\~ DONNEES ~\Thomas SCHOBBER\Mes documents\Visual Studio 2010\Projects\simpleProject\Debug\simpleProject.exe" /INCREMENTAL /NOLOGO glu32.lib opengl32.lib external\Debug\GLFW_276.lib external\Debug\GLEW_190.lib kernel32.lib user32.lib gdi32.lib winspool.lib comdlg32.lib advapi32.lib shell32.lib ole32.lib oleaut32.lib uuid.lib odbc32.lib odbccp32.lib /MANIFEST /ManifestFile:"Debug\simpleProject.exe.intermediate.manifest" /MANIFESTUAC:"level='asInvoker' uiAccess='false'" /DEBUG /PDB:"D:\~ DONNEES ~\Thomas SCHOBBER\Mes documents\Visual Studio 2010\Projects\simpleProject\Debug\simpleProject.pdb" /SUBSYSTEM:CONSOLE /TLBID:1 /DYNAMICBASE /NXCOMPAT /IMPLIB:"D:\~ DONNEES ~\Thomas SCHOBBER\Mes documents\Visual Studio 2010\Projects\simpleProject\Debug\simpleProject.lib" /MACHINE:X86 Debug\simpleProject.exe.embed.manifest.res
         Debug\Controls.obj
         Debug\simpleProject.obj
         Debug\stdafx.obj
         Debug\Utilities.obj
         Debug\vboindexer.obj
       Manifest:
         C:\Program Files (x86)\Microsoft SDKs\Windows\v7.0A\bin\mt.exe /nologo /verbose /out:"Debug\simpleProject.exe.embed.manifest" /manifest Debug\simpleProject.exe.intermediate.manifest
         All outputs are up-to-date.
       LinkEmbedManifest:
         All outputs are up-to-date.
         simpleProject.vcxproj -> D:\~ DONNEES ~\Thomas SCHOBBER\Mes documents\Visual Studio 2010\Projects\simpleProject\Debug\simpleProject.exe
       FinalizeBuildStatus:
         Deleting file "Debug\simpleProject.unsuccessfulbuild".
         Touching "Debug\simpleProject.lastbuildstate".
     1>Done Building Project "D:\~ DONNEES ~\Thomas SCHOBBER\Mes documents\Visual Studio 2010\Projects\simpleProject\simpleProject\simpleProject.vcxproj" (build target(s)).

Build succeeded.

Time Elapsed 00:00:01.53
